[32m[I 2026-04-26 17:08:03,967][0m A new study created in memory with name: no-name-44923356-7b68-4966-ac8c-1257ee8e5718[0m
[32m[I 2026-04-26 17:08:24,565][0m Trial 0 finished with value: 1.1080620082354657 and parameters: {'learning_rate': 0.0005180809139793752, 'embedding_dim': 32, 'dropout_rate': 0.14273785893163457, 'n_layers': 2, 'n_units_l0': 160, 'n_units_l1': 160}. Best is trial 0 with value: 1.1080620082354657.[0m
[32m[I 2026-04-26 17:08:44,057][0m Trial 1 finished with value: 1.110680340538415 and parameters: {'learning_rate': 0.0005408709691276263, 'embedding_dim': 64, 'dropout_rate': 0.3269801975535678, 'n_layers': 2, 'n_units_l0': 256, 'n_units_l1': 256}. Best is trial 0 with value: 1.1080620082354657.[0m
[32m[I 2026-04-26 17:09:03,073][0m Trial 2 finished with value: 1.2959621951247973 and parameters: {'learning_rate': 0.00029182577811801106, 'embedding_dim': 64, 'dropout_rate': 0.3578867481077486, 'n_layers': 2, 'n_units_l0': 64, 'n_units_l1': 64}. Best is trial 0 with value: 1.1080620082354657.[0m
[32m[I 2026-04-26 17:09:22,037][0m Trial 3 finished with value: 1.114517150345164 and parameters: {'learning_rate': 0.00026839211912213517, 'embedding_dim': 16, 'dropout_rate': 0.18800886476700407, 'n_layers': 2, 'n_units_l0': 224, 'n_units_l1': 160}. Best is trial 0 with value: 1.1080620082354657.[0m
[32m[I 2026-04-26 17:09:42,736][0m Trial 4 finished with value: 1.5581361262507936 and parameters: {'learning_rate': 0.0020544912905161995, 'embedding_dim': 16, 'dropout_rate': 0.3997170747178025, 'n_layers': 3, 'n_units_l0': 128, 'n_units_l1': 96, 'n_units_l2': 224}. Best is trial 0 with value: 1.1080620082354657.[0m
[32m[I 2026-04-26 17:10:04,540][0m Trial 5 finished with value: 1.3374692285207435 and parameters: {'learning_rate': 0.009431532753646912, 'embedding_dim': 64, 'dropout_rate': 0.22542381384889745, 'n_layers': 4, 'n_units_l0': 96, 'n_units_l1': 96, 'n_units_l2': 192, 'n_units_l3': 224}. Best is trial 0 with value: 1.1080620082354657.[0m
[32m[I 2026-04-26 17:10:23,617][0m Trial 6 finished with value: 1.758850628307158 and parameters: {'learning_rate': 0.0031189136984390306, 'embedding_dim': 16, 'dropout_rate': 0.4148090460254348, 'n_layers': 2, 'n_units_l0': 64, 'n_units_l1': 256}. Best is trial 0 with value: 1.1080620082354657.[0m
[32m[I 2026-04-26 17:10:44,153][0m Trial 7 finished with value: 1.9264314208419338 and parameters: {'learning_rate': 0.00022755105025109025, 'embedding_dim': 16, 'dropout_rate': 0.4173924904048011, 'n_layers': 3, 'n_units_l0': 128, 'n_units_l1': 192, 'n_units_l2': 256}. Best is trial 0 with value: 1.1080620082354657.[0m
[32m[I 2026-04-26 17:11:04,409][0m Trial 8 finished with value: 1.3559160791707587 and parameters: {'learning_rate': 0.0014697251191920766, 'embedding_dim': 64, 'dropout_rate': 0.22903969019584364, 'n_layers': 3, 'n_units_l0': 160, 'n_units_l1': 256, 'n_units_l2': 64}. Best is trial 0 with value: 1.1080620082354657.[0m
[32m[I 2026-04-26 17:11:25,196][0m Trial 9 finished with value: 2.003031831554023 and parameters: {'learning_rate': 0.0006725802805633727, 'embedding_dim': 32, 'dropout_rate': 0.34793300939109295, 'n_layers': 3, 'n_units_l0': 32, 'n_units_l1': 96, 'n_units_l2': 192}. Best is trial 0 with value: 1.1080620082354657.[0m
[32m[I 2026-04-26 17:11:46,738][0m Trial 10 finished with value: 1.2598538526083602 and parameters: {'learning_rate': 0.00014046834264360567, 'embedding_dim': 32, 'dropout_rate': 0.10282483406978815, 'n_layers': 4, 'n_units_l0': 192, 'n_units_l1': 192, 'n_units_l2': 32, 'n_units_l3': 32}. Best is trial 0 with value: 1.1080620082354657.[0m
[32m[I 2026-04-26 17:12:06,396][0m Trial 11 finished with value: 1.1030896041529106 and parameters: {'learning_rate': 0.0006782612658360122, 'embedding_dim': 32, 'dropout_rate': 0.2950616176149243, 'n_layers': 2, 'n_units_l0': 256, 'n_units_l1': 224}. Best is trial 11 with value: 1.1030896041529106.[0m
[32m[I 2026-04-26 17:12:25,777][0m Trial 12 finished with value: 1.1095852287795769 and parameters: {'learning_rate': 0.0007611190907914499, 'embedding_dim': 32, 'dropout_rate': 0.10828215493939494, 'n_layers': 2, 'n_units_l0': 256, 'n_units_l1': 192}. Best is trial 11 with value: 1.1030896041529106.[0m
[32m[I 2026-04-26 17:12:44,842][0m Trial 13 finished with value: 1.1656637451258367 and parameters: {'learning_rate': 0.00043951640463735285, 'embedding_dim': 32, 'dropout_rate': 0.47600848410796703, 'n_layers': 2, 'n_units_l0': 192, 'n_units_l1': 160}. Best is trial 11 with value: 1.1030896041529106.[0m
[32m[I 2026-04-26 17:13:04,000][0m Trial 14 finished with value: 1.1745942344777935 and parameters: {'learning_rate': 0.0013954667767974893, 'embedding_dim': 32, 'dropout_rate': 0.26624204830190795, 'n_layers': 2, 'n_units_l0': 192, 'n_units_l1': 224}. Best is trial 11 with value: 1.1030896041529106.[0m
[32m[I 2026-04-26 17:13:24,444][0m Trial 15 finished with value: 1.3477602866924945 and parameters: {'learning_rate': 0.0056434363494869515, 'embedding_dim': 32, 'dropout_rate': 0.16348748969030052, 'n_layers': 3, 'n_units_l0': 224, 'n_units_l1': 128, 'n_units_l2': 96}. Best is trial 11 with value: 1.1030896041529106.[0m
[32m[I 2026-04-26 17:13:43,503][0m Trial 16 finished with value: 1.1279306431993255 and parameters: {'learning_rate': 0.0001149444319485904, 'embedding_dim': 32, 'dropout_rate': 0.28285785044172285, 'n_layers': 2, 'n_units_l0': 160, 'n_units_l1': 32}. Best is trial 11 with value: 1.1030896041529106.[0m
[32m[I 2026-04-26 17:14:04,948][0m Trial 17 finished with value: 1.437635239063188 and parameters: {'learning_rate': 0.0004080621501699738, 'embedding_dim': 32, 'dropout_rate': 0.16142922918387909, 'n_layers': 4, 'n_units_l0': 224, 'n_units_l1': 224, 'n_units_l2': 128, 'n_units_l3': 64}. Best is trial 11 with value: 1.1030896041529106.[0m
[32m[I 2026-04-26 17:14:24,178][0m Trial 18 finished with value: 1.3490284413367093 and parameters: {'learning_rate': 0.0009441918345690855, 'embedding_dim': 32, 'dropout_rate': 0.4889445335788015, 'n_layers': 2, 'n_units_l0': 96, 'n_units_l1': 128}. Best is trial 11 with value: 1.1030896041529106.[0m
[32m[I 2026-04-26 17:14:44,384][0m Trial 19 finished with value: 1.647573650743631 and parameters: {'learning_rate': 0.0031702800565079447, 'embedding_dim': 32, 'dropout_rate': 0.2581329565173707, 'n_layers': 3, 'n_units_l0': 256, 'n_units_l1': 224, 'n_units_l2': 160}. Best is trial 11 with value: 1.1030896041529106.[0m
[32m[I 2026-04-26 17:15:04,788][0m Trial 20 finished with value: 1.1222854628433536 and parameters: {'learning_rate': 0.00019703225869045974, 'embedding_dim': 32, 'dropout_rate': 0.13915817433268649, 'n_layers': 3, 'n_units_l0': 192, 'n_units_l1': 160, 'n_units_l2': 32}. Best is trial 11 with value: 1.1030896041529106.[0m
[32m[I 2026-04-26 17:15:23,964][0m Trial 21 finished with value: 1.088725637820123 and parameters: {'learning_rate': 0.0006850861860614057, 'embedding_dim': 32, 'dropout_rate': 0.10052150965560913, 'n_layers': 2, 'n_units_l0': 256, 'n_units_l1': 192}. Best is trial 21 with value: 1.088725637820123.[0m
[32m[I 2026-04-26 17:15:43,208][0m Trial 22 finished with value: 1.2249099893233268 and parameters: {'learning_rate': 0.0012045442555154633, 'embedding_dim': 32, 'dropout_rate': 0.2031251933206726, 'n_layers': 2, 'n_units_l0': 256, 'n_units_l1': 192}. Best is trial 21 with value: 1.088725637820123.[0m
[32m[I 2026-04-26 17:16:01,923][0m Trial 23 finished with value: 1.1111967031360148 and parameters: {'learning_rate': 0.0004103466633615551, 'embedding_dim': 32, 'dropout_rate': 0.13342006113991106, 'n_layers': 2, 'n_units_l0': 224, 'n_units_l1': 224}. Best is trial 21 with value: 1.088725637820123.[0m
[32m[I 2026-04-26 17:16:21,253][0m Trial 24 finished with value: 1.0990179523408627 and parameters: {'learning_rate': 0.0008215188371906368, 'embedding_dim': 32, 'dropout_rate': 0.31201547759327286, 'n_layers': 2, 'n_units_l0': 224, 'n_units_l1': 160}. Best is trial 21 with value: 1.088725637820123.[0m
[32m[I 2026-04-26 17:16:39,608][0m Trial 25 finished with value: 1.462682252518668 and parameters: {'learning_rate': 0.0019338817220018718, 'embedding_dim': 32, 'dropout_rate': 0.30051433974273445, 'n_layers': 2, 'n_units_l0': 256, 'n_units_l1': 192}. Best is trial 21 with value: 1.088725637820123.[0m
[32m[I 2026-04-26 17:16:57,839][0m Trial 26 finished with value: 1.0963298993936605 and parameters: {'learning_rate': 0.0008623504778243931, 'embedding_dim': 32, 'dropout_rate': 0.38240748535330343, 'n_layers': 2, 'n_units_l0': 224, 'n_units_l1': 128}. Best is trial 21 with value: 1.088725637820123.[0m
[32m[I 2026-04-26 17:17:16,012][0m Trial 27 finished with value: 1.1766025432306164 and parameters: {'learning_rate': 0.000938065309862096, 'embedding_dim': 32, 'dropout_rate': 0.38018936765368294, 'n_layers': 2, 'n_units_l0': 224, 'n_units_l1': 128}. Best is trial 21 with value: 1.088725637820123.[0m
[32m[I 2026-04-26 17:17:35,518][0m Trial 28 finished with value: 1.5075888033755067 and parameters: {'learning_rate': 0.002811660291354153, 'embedding_dim': 16, 'dropout_rate': 0.4545547605080411, 'n_layers': 3, 'n_units_l0': 224, 'n_units_l1': 128, 'n_units_l2': 256}. Best is trial 21 with value: 1.088725637820123.[0m
[32m[I 2026-04-26 17:17:53,986][0m Trial 29 finished with value: 1.361604193021828 and parameters: {'learning_rate': 0.0016982806595623324, 'embedding_dim': 64, 'dropout_rate': 0.3263468001482025, 'n_layers': 2, 'n_units_l0': 160, 'n_units_l1': 160}. Best is trial 21 with value: 1.088725637820123.[0m
[32m[I 2026-04-26 17:18:12,290][0m Trial 30 finished with value: 1.0894668725880614 and parameters: {'learning_rate': 0.0009948995919080437, 'embedding_dim': 32, 'dropout_rate': 0.3788254238559909, 'n_layers': 2, 'n_units_l0': 192, 'n_units_l1': 96}. Best is trial 21 with value: 1.088725637820123.[0m
[32m[I 2026-04-26 17:18:30,480][0m Trial 31 finished with value: 1.1001492273821563 and parameters: {'learning_rate': 0.001054956145136009, 'embedding_dim': 32, 'dropout_rate': 0.4423241892128151, 'n_layers': 2, 'n_units_l0': 192, 'n_units_l1': 64}. Best is trial 21 with value: 1.088725637820123.[0m
[32m[I 2026-04-26 17:18:48,724][0m Trial 32 finished with value: 1.117839699378437 and parameters: {'learning_rate': 0.0005740897783106207, 'embedding_dim': 32, 'dropout_rate': 0.37731880712188903, 'n_layers': 2, 'n_units_l0': 224, 'n_units_l1': 96}. Best is trial 21 with value: 1.088725637820123.[0m
[32m[I 2026-04-26 17:19:07,106][0m Trial 33 finished with value: 1.1026649506154924 and parameters: {'learning_rate': 0.0007966776430036442, 'embedding_dim': 32, 'dropout_rate': 0.333197915109913, 'n_layers': 2, 'n_units_l0': 192, 'n_units_l1': 64}. Best is trial 21 with value: 1.088725637820123.[0m
[32m[I 2026-04-26 17:19:25,432][0m Trial 34 finished with value: 1.1025327320959475 and parameters: {'learning_rate': 0.0005295651057182665, 'embedding_dim': 64, 'dropout_rate': 0.3163675757323481, 'n_layers': 2, 'n_units_l0': 256, 'n_units_l1': 128}. Best is trial 21 with value: 1.088725637820123.[0m
[32m[I 2026-04-26 17:19:43,549][0m Trial 35 finished with value: 1.0953575395674826 and parameters: {'learning_rate': 0.0003143078318255034, 'embedding_dim': 32, 'dropout_rate': 0.36749136024928397, 'n_layers': 2, 'n_units_l0': 224, 'n_units_l1': 160}. Best is trial 21 with value: 1.088725637820123.[0m
[32m[I 2026-04-26 17:20:01,646][0m Trial 36 finished with value: 1.096962008947404 and parameters: {'learning_rate': 0.0003119813092969915, 'embedding_dim': 32, 'dropout_rate': 0.3652682238101395, 'n_layers': 2, 'n_units_l0': 160, 'n_units_l1': 96}. Best is trial 21 with value: 1.088725637820123.[0m
[32m[I 2026-04-26 17:20:19,928][0m Trial 37 finished with value: 1.1600260022186737 and parameters: {'learning_rate': 0.00032905941282412193, 'embedding_dim': 16, 'dropout_rate': 0.398130828849063, 'n_layers': 2, 'n_units_l0': 224, 'n_units_l1': 32}. Best is trial 21 with value: 1.088725637820123.[0m
[32m[I 2026-04-26 17:20:39,342][0m Trial 38 finished with value: 1.820892861929294 and parameters: {'learning_rate': 0.0001875689048263694, 'embedding_dim': 64, 'dropout_rate': 0.4350554674193795, 'n_layers': 3, 'n_units_l0': 256, 'n_units_l1': 96, 'n_units_l2': 128}. Best is trial 21 with value: 1.088725637820123.[0m
[32m[I 2026-04-26 17:20:57,306][0m Trial 39 finished with value: 1.5672712063245906 and parameters: {'learning_rate': 0.0022938288008018, 'embedding_dim': 16, 'dropout_rate': 0.35237523177188257, 'n_layers': 2, 'n_units_l0': 192, 'n_units_l1': 160}. Best is trial 21 with value: 1.088725637820123.[0m
[32m[I 2026-04-26 17:21:15,489][0m Trial 40 finished with value: 1.33191484349731 and parameters: {'learning_rate': 0.0012338308417564592, 'embedding_dim': 32, 'dropout_rate': 0.40188432767120613, 'n_layers': 2, 'n_units_l0': 128, 'n_units_l1': 128}. Best is trial 21 with value: 1.088725637820123.[0m
[32m[I 2026-04-26 17:21:33,562][0m Trial 41 finished with value: 1.1182472376515629 and parameters: {'learning_rate': 0.0002680678519940563, 'embedding_dim': 32, 'dropout_rate': 0.3731370938289973, 'n_layers': 2, 'n_units_l0': 160, 'n_units_l1': 96}. Best is trial 21 with value: 1.088725637820123.[0m
[32m[I 2026-04-26 17:21:51,674][0m Trial 42 finished with value: 1.1074169038364179 and parameters: {'learning_rate': 0.00033040410628686946, 'embedding_dim': 32, 'dropout_rate': 0.35873119724589003, 'n_layers': 2, 'n_units_l0': 128, 'n_units_l1': 64}. Best is trial 21 with value: 1.088725637820123.[0m
[32m[I 2026-04-26 17:22:09,777][0m Trial 43 finished with value: 1.1191532938617532 and parameters: {'learning_rate': 0.0004962521550291003, 'embedding_dim': 32, 'dropout_rate': 0.4146256075710081, 'n_layers': 2, 'n_units_l0': 160, 'n_units_l1': 96}. Best is trial 21 with value: 1.088725637820123.[0m
[32m[I 2026-04-26 17:22:28,043][0m Trial 44 finished with value: 1.137924818706418 and parameters: {'learning_rate': 0.0005853393037482367, 'embedding_dim': 32, 'dropout_rate': 0.3381440389883151, 'n_layers': 2, 'n_units_l0': 192, 'n_units_l1': 64}. Best is trial 21 with value: 1.088725637820123.[0m
[32m[I 2026-04-26 17:22:46,053][0m Trial 45 finished with value: 1.123381891592921 and parameters: {'learning_rate': 0.0001726172084961048, 'embedding_dim': 32, 'dropout_rate': 0.38743955574429034, 'n_layers': 2, 'n_units_l0': 192, 'n_units_l1': 96}. Best is trial 21 with value: 1.088725637820123.[0m
[32m[I 2026-04-26 17:23:06,831][0m Trial 46 finished with value: 2.068268520635052 and parameters: {'learning_rate': 0.0002774418399304713, 'embedding_dim': 64, 'dropout_rate': 0.36139940371146845, 'n_layers': 4, 'n_units_l0': 224, 'n_units_l1': 160, 'n_units_l2': 96, 'n_units_l3': 256}. Best is trial 21 with value: 1.088725637820123.[0m
[32m[I 2026-04-26 17:23:26,038][0m Trial 47 finished with value: 1.7798760961693523 and parameters: {'learning_rate': 0.0003659605769452137, 'embedding_dim': 32, 'dropout_rate': 0.430733657277162, 'n_layers': 3, 'n_units_l0': 256, 'n_units_l1': 128, 'n_units_l2': 192}. Best is trial 21 with value: 1.088725637820123.[0m
[32m[I 2026-04-26 17:23:44,124][0m Trial 48 finished with value: 1.269730170706442 and parameters: {'learning_rate': 0.00024193288968109953, 'embedding_dim': 16, 'dropout_rate': 0.40844049144795974, 'n_layers': 2, 'n_units_l0': 160, 'n_units_l1': 192}. Best is trial 21 with value: 1.088725637820123.[0m
[32m[I 2026-04-26 17:24:02,152][0m Trial 49 finished with value: 1.162671233068749 and parameters: {'learning_rate': 0.0006905935125802099, 'embedding_dim': 32, 'dropout_rate': 0.4569594575399757, 'n_layers': 2, 'n_units_l0': 128, 'n_units_l1': 96}. Best is trial 21 with value: 1.088725637820123.[0m
--- Starting Optuna Hyperparameter Tuning ---
Running 50 trials (each trial trains for 3 epochs)
Data initialized once. Train rows: 700,146, Val rows: 100,020
Using device: mps

=== TUNING COMPLETE ===
Best trial RMSE: 1.0887
Best hyperparameters:
    learning_rate: 0.0006850861860614057
    embedding_dim: 32
    dropout_rate: 0.10052150965560913
    n_layers: 2
    n_units_l0: 256
    n_units_l1: 192
Total tuning runtime: 15.98 minutes
Saved artifacts: models/best_dl_params.txt, models/tune_dl_log.txt, evidence/phase5b/tune_dl_observations.txt
